[2023-05-05T11:26:55.092+0000] {taskinstance.py:1125} INFO - Dependencies all met for dep_context=non-requeueable deps ti=<TaskInstance: dag_with_postgres_operator_v01.create_postgres_table scheduled__2023-05-04T00:00:00+00:00 [queued]>
[2023-05-05T11:26:55.098+0000] {taskinstance.py:1125} INFO - Dependencies all met for dep_context=requeueable deps ti=<TaskInstance: dag_with_postgres_operator_v01.create_postgres_table scheduled__2023-05-04T00:00:00+00:00 [queued]>
[2023-05-05T11:26:55.099+0000] {taskinstance.py:1331} INFO - Starting attempt 2 of 7
[2023-05-05T11:26:55.106+0000] {taskinstance.py:1350} INFO - Executing <Task(PostgresOperator): create_postgres_table> on 2023-05-04 00:00:00+00:00
[2023-05-05T11:26:55.110+0000] {standard_task_runner.py:57} INFO - Started process 382 to run task
[2023-05-05T11:26:55.114+0000] {standard_task_runner.py:84} INFO - Running: ['***', 'tasks', 'run', 'dag_with_postgres_operator_v01', 'create_postgres_table', 'scheduled__2023-05-04T00:00:00+00:00', '--job-id', '1123', '--raw', '--subdir', 'DAGS_FOLDER/dag_with_postgres_operator.py', '--cfg-path', '/tmp/tmpkdma5sk7']
[2023-05-05T11:26:55.116+0000] {standard_task_runner.py:85} INFO - Job 1123: Subtask create_postgres_table
[2023-05-05T11:26:55.167+0000] {task_command.py:410} INFO - Running <TaskInstance: dag_with_postgres_operator_v01.create_postgres_table scheduled__2023-05-04T00:00:00+00:00 [running]> on host 39440b36e721
[2023-05-05T11:26:55.229+0000] {taskinstance.py:1570} INFO - Exporting env vars: AIRFLOW_CTX_DAG_OWNER='jose-holgado' AIRFLOW_CTX_DAG_ID='dag_with_postgres_operator_v01' AIRFLOW_CTX_TASK_ID='create_postgres_table' AIRFLOW_CTX_EXECUTION_DATE='2023-05-04T00:00:00+00:00' AIRFLOW_CTX_TRY_NUMBER='2' AIRFLOW_CTX_DAG_RUN_ID='scheduled__2023-05-04T00:00:00+00:00'
[2023-05-05T11:26:55.230+0000] {sql.py:262} INFO - Executing: 
            CREATE TABLE IF NOT EXISTS dag_runs (
                dt DATE,
                dag_id CHARACTER VARYING,
                PRIMARY KEY (dt, dag_id)
            )
        
[2023-05-05T11:26:55.238+0000] {base.py:73} INFO - Using connection ID 'postgres_localhost' for task execution.
[2023-05-05T11:26:55.291+0000] {base.py:73} INFO - Using connection ID 'postgres_localhost' for task execution.
[2023-05-05T11:26:55.298+0000] {sql.py:375} INFO - Running statement: 
            CREATE TABLE IF NOT EXISTS dag_runs (
                dt DATE,
                dag_id CHARACTER VARYING,
                PRIMARY KEY (dt, dag_id)
            )
        , parameters: None
[2023-05-05T11:26:55.328+0000] {taskinstance.py:1373} INFO - Marking task as SUCCESS. dag_id=dag_with_postgres_operator_v01, task_id=create_postgres_table, execution_date=20230504T000000, start_date=20230505T112655, end_date=20230505T112655
[2023-05-05T11:26:55.369+0000] {local_task_job_runner.py:232} INFO - Task exited with return code 0
[2023-05-05T11:26:55.383+0000] {taskinstance.py:2674} INFO - 0 downstream tasks scheduled from follow-on schedule check
