[2023-05-05T11:37:20.378+0000] {taskinstance.py:1125} INFO - Dependencies all met for dep_context=non-requeueable deps ti=<TaskInstance: dag_with_postgres_operator_v03.create_postgres_table scheduled__2023-05-04T00:00:00+00:00 [queued]>
[2023-05-05T11:37:20.395+0000] {taskinstance.py:1125} INFO - Dependencies all met for dep_context=requeueable deps ti=<TaskInstance: dag_with_postgres_operator_v03.create_postgres_table scheduled__2023-05-04T00:00:00+00:00 [queued]>
[2023-05-05T11:37:20.396+0000] {taskinstance.py:1331} INFO - Starting attempt 1 of 6
[2023-05-05T11:37:20.412+0000] {taskinstance.py:1350} INFO - Executing <Task(PostgresOperator): create_postgres_table> on 2023-05-04 00:00:00+00:00
[2023-05-05T11:37:20.419+0000] {standard_task_runner.py:57} INFO - Started process 1181 to run task
[2023-05-05T11:37:20.429+0000] {standard_task_runner.py:84} INFO - Running: ['***', 'tasks', 'run', 'dag_with_postgres_operator_v03', 'create_postgres_table', 'scheduled__2023-05-04T00:00:00+00:00', '--job-id', '1127', '--raw', '--subdir', 'DAGS_FOLDER/dag_with_postgres_operator.py', '--cfg-path', '/tmp/tmptudi8gx8']
[2023-05-05T11:37:20.432+0000] {standard_task_runner.py:85} INFO - Job 1127: Subtask create_postgres_table
[2023-05-05T11:37:20.518+0000] {task_command.py:410} INFO - Running <TaskInstance: dag_with_postgres_operator_v03.create_postgres_table scheduled__2023-05-04T00:00:00+00:00 [running]> on host 39440b36e721
[2023-05-05T11:37:20.604+0000] {taskinstance.py:1570} INFO - Exporting env vars: AIRFLOW_CTX_DAG_OWNER='jose-holgado' AIRFLOW_CTX_DAG_ID='dag_with_postgres_operator_v03' AIRFLOW_CTX_TASK_ID='create_postgres_table' AIRFLOW_CTX_EXECUTION_DATE='2023-05-04T00:00:00+00:00' AIRFLOW_CTX_TRY_NUMBER='1' AIRFLOW_CTX_DAG_RUN_ID='scheduled__2023-05-04T00:00:00+00:00'
[2023-05-05T11:37:20.606+0000] {sql.py:262} INFO - Executing: 
            CREATE TABLE IF NOT EXISTS dag_runs (
                dt DATE,
                dag_id CHARACTER VARYING,
                PRIMARY KEY (dt, dag_id)
            )
        
[2023-05-05T11:37:20.618+0000] {base.py:73} INFO - Using connection ID 'postgres_localhost' for task execution.
[2023-05-05T11:37:20.681+0000] {base.py:73} INFO - Using connection ID 'postgres_localhost' for task execution.
[2023-05-05T11:37:20.694+0000] {sql.py:375} INFO - Running statement: 
            CREATE TABLE IF NOT EXISTS dag_runs (
                dt DATE,
                dag_id CHARACTER VARYING,
                PRIMARY KEY (dt, dag_id)
            )
        , parameters: None
[2023-05-05T11:37:20.710+0000] {taskinstance.py:1373} INFO - Marking task as SUCCESS. dag_id=dag_with_postgres_operator_v03, task_id=create_postgres_table, execution_date=20230504T000000, start_date=20230505T113720, end_date=20230505T113720
[2023-05-05T11:37:20.759+0000] {local_task_job_runner.py:232} INFO - Task exited with return code 0
[2023-05-05T11:37:20.814+0000] {taskinstance.py:2674} INFO - 1 downstream tasks scheduled from follow-on schedule check
