[2023-05-05T11:37:21.224+0000] {taskinstance.py:1125} INFO - Dependencies all met for dep_context=non-requeueable deps ti=<TaskInstance: dag_with_postgres_operator_v03.delete_data_from_table scheduled__2023-05-04T00:00:00+00:00 [queued]>
[2023-05-05T11:37:21.230+0000] {taskinstance.py:1125} INFO - Dependencies all met for dep_context=requeueable deps ti=<TaskInstance: dag_with_postgres_operator_v03.delete_data_from_table scheduled__2023-05-04T00:00:00+00:00 [queued]>
[2023-05-05T11:37:21.230+0000] {taskinstance.py:1331} INFO - Starting attempt 1 of 6
[2023-05-05T11:37:21.238+0000] {taskinstance.py:1350} INFO - Executing <Task(PostgresOperator): delete_data_from_table> on 2023-05-04 00:00:00+00:00
[2023-05-05T11:37:21.241+0000] {standard_task_runner.py:57} INFO - Started process 1183 to run task
[2023-05-05T11:37:21.244+0000] {standard_task_runner.py:84} INFO - Running: ['***', 'tasks', 'run', 'dag_with_postgres_operator_v03', 'delete_data_from_table', 'scheduled__2023-05-04T00:00:00+00:00', '--job-id', '1128', '--raw', '--subdir', 'DAGS_FOLDER/dag_with_postgres_operator.py', '--cfg-path', '/tmp/tmppb2az3dg']
[2023-05-05T11:37:21.246+0000] {standard_task_runner.py:85} INFO - Job 1128: Subtask delete_data_from_table
[2023-05-05T11:37:21.294+0000] {task_command.py:410} INFO - Running <TaskInstance: dag_with_postgres_operator_v03.delete_data_from_table scheduled__2023-05-04T00:00:00+00:00 [running]> on host 39440b36e721
[2023-05-05T11:37:21.363+0000] {taskinstance.py:1570} INFO - Exporting env vars: AIRFLOW_CTX_DAG_OWNER='jose-holgado' AIRFLOW_CTX_DAG_ID='dag_with_postgres_operator_v03' AIRFLOW_CTX_TASK_ID='delete_data_from_table' AIRFLOW_CTX_EXECUTION_DATE='2023-05-04T00:00:00+00:00' AIRFLOW_CTX_TRY_NUMBER='1' AIRFLOW_CTX_DAG_RUN_ID='scheduled__2023-05-04T00:00:00+00:00'
[2023-05-05T11:37:21.364+0000] {sql.py:262} INFO - Executing: 
            DELETE FROM dag_runs WHERE dt = '2023-05-04' AND dag_id =  'dag_with_postgres_operator_v03'
        
[2023-05-05T11:37:21.372+0000] {base.py:73} INFO - Using connection ID 'postgres_localhost' for task execution.
[2023-05-05T11:37:21.411+0000] {base.py:73} INFO - Using connection ID 'postgres_localhost' for task execution.
[2023-05-05T11:37:21.425+0000] {sql.py:375} INFO - Running statement: 
            DELETE FROM dag_runs WHERE dt = '2023-05-04' AND dag_id =  'dag_with_postgres_operator_v03'
        , parameters: None
[2023-05-05T11:37:21.428+0000] {sql.py:384} INFO - Rows affected: 0
[2023-05-05T11:37:21.438+0000] {taskinstance.py:1373} INFO - Marking task as SUCCESS. dag_id=dag_with_postgres_operator_v03, task_id=delete_data_from_table, execution_date=20230504T000000, start_date=20230505T113721, end_date=20230505T113721
[2023-05-05T11:37:21.457+0000] {local_task_job_runner.py:232} INFO - Task exited with return code 0
[2023-05-05T11:37:21.473+0000] {taskinstance.py:2674} INFO - 1 downstream tasks scheduled from follow-on schedule check
