[2023-05-06T00:00:05.020+0000] {taskinstance.py:1125} INFO - Dependencies all met for dep_context=non-requeueable deps ti=<TaskInstance: dag_with_postgres_operator_v03.insert_into_table scheduled__2023-05-05T00:00:00+00:00 [queued]>
[2023-05-06T00:00:05.025+0000] {taskinstance.py:1125} INFO - Dependencies all met for dep_context=requeueable deps ti=<TaskInstance: dag_with_postgres_operator_v03.insert_into_table scheduled__2023-05-05T00:00:00+00:00 [queued]>
[2023-05-06T00:00:05.026+0000] {taskinstance.py:1331} INFO - Starting attempt 1 of 6
[2023-05-06T00:00:05.033+0000] {taskinstance.py:1350} INFO - Executing <Task(PostgresOperator): insert_into_table> on 2023-05-05 00:00:00+00:00
[2023-05-06T00:00:05.037+0000] {standard_task_runner.py:57} INFO - Started process 55147 to run task
[2023-05-06T00:00:05.041+0000] {standard_task_runner.py:84} INFO - Running: ['***', 'tasks', 'run', 'dag_with_postgres_operator_v03', 'insert_into_table', 'scheduled__2023-05-05T00:00:00+00:00', '--job-id', '1141', '--raw', '--subdir', 'DAGS_FOLDER/dag_with_postgres_operator.py', '--cfg-path', '/tmp/tmpft1fr1oj']
[2023-05-06T00:00:05.042+0000] {standard_task_runner.py:85} INFO - Job 1141: Subtask insert_into_table
[2023-05-06T00:00:05.082+0000] {task_command.py:410} INFO - Running <TaskInstance: dag_with_postgres_operator_v03.insert_into_table scheduled__2023-05-05T00:00:00+00:00 [running]> on host 39440b36e721
[2023-05-06T00:00:05.145+0000] {taskinstance.py:1570} INFO - Exporting env vars: AIRFLOW_CTX_DAG_OWNER='jose-holgado' AIRFLOW_CTX_DAG_ID='dag_with_postgres_operator_v03' AIRFLOW_CTX_TASK_ID='insert_into_table' AIRFLOW_CTX_EXECUTION_DATE='2023-05-05T00:00:00+00:00' AIRFLOW_CTX_TRY_NUMBER='1' AIRFLOW_CTX_DAG_RUN_ID='scheduled__2023-05-05T00:00:00+00:00'
[2023-05-06T00:00:05.146+0000] {sql.py:262} INFO - Executing: 
            INSERT INTO dag_runs (dt, dag_id) VALUES ('2023-05-05', 'dag_with_postgres_operator_v03')
        
[2023-05-06T00:00:05.154+0000] {base.py:73} INFO - Using connection ID 'postgres_localhost' for task execution.
[2023-05-06T00:00:05.191+0000] {base.py:73} INFO - Using connection ID 'postgres_localhost' for task execution.
[2023-05-06T00:00:05.200+0000] {sql.py:375} INFO - Running statement: 
            INSERT INTO dag_runs (dt, dag_id) VALUES ('2023-05-05', 'dag_with_postgres_operator_v03')
        , parameters: None
[2023-05-06T00:00:05.203+0000] {sql.py:384} INFO - Rows affected: 1
[2023-05-06T00:00:05.212+0000] {taskinstance.py:1373} INFO - Marking task as SUCCESS. dag_id=dag_with_postgres_operator_v03, task_id=insert_into_table, execution_date=20230505T000000, start_date=20230506T000005, end_date=20230506T000005
[2023-05-06T00:00:05.256+0000] {local_task_job_runner.py:232} INFO - Task exited with return code 0
[2023-05-06T00:00:05.270+0000] {taskinstance.py:2674} INFO - 0 downstream tasks scheduled from follow-on schedule check
