[2023-05-05T11:32:24.166+0000] {taskinstance.py:1125} INFO - Dependencies all met for dep_context=non-requeueable deps ti=<TaskInstance: dag_with_postgres_operator_v02.insert_into scheduled__2023-05-04T00:00:00+00:00 [queued]>
[2023-05-05T11:32:24.171+0000] {taskinstance.py:1125} INFO - Dependencies all met for dep_context=requeueable deps ti=<TaskInstance: dag_with_postgres_operator_v02.insert_into scheduled__2023-05-04T00:00:00+00:00 [queued]>
[2023-05-05T11:32:24.172+0000] {taskinstance.py:1331} INFO - Starting attempt 2 of 7
[2023-05-05T11:32:24.180+0000] {taskinstance.py:1350} INFO - Executing <Task(PostgresOperator): insert_into> on 2023-05-04 00:00:00+00:00
[2023-05-05T11:32:24.183+0000] {standard_task_runner.py:57} INFO - Started process 805 to run task
[2023-05-05T11:32:24.187+0000] {standard_task_runner.py:84} INFO - Running: ['***', 'tasks', 'run', 'dag_with_postgres_operator_v02', 'insert_into', 'scheduled__2023-05-04T00:00:00+00:00', '--job-id', '1126', '--raw', '--subdir', 'DAGS_FOLDER/dag_with_postgres_operator.py', '--cfg-path', '/tmp/tmpruo7d08c']
[2023-05-05T11:32:24.189+0000] {standard_task_runner.py:85} INFO - Job 1126: Subtask insert_into
[2023-05-05T11:32:24.231+0000] {task_command.py:410} INFO - Running <TaskInstance: dag_with_postgres_operator_v02.insert_into scheduled__2023-05-04T00:00:00+00:00 [running]> on host 39440b36e721
[2023-05-05T11:32:24.288+0000] {taskinstance.py:1570} INFO - Exporting env vars: AIRFLOW_CTX_DAG_OWNER='jose-holgado' AIRFLOW_CTX_DAG_ID='dag_with_postgres_operator_v02' AIRFLOW_CTX_TASK_ID='insert_into' AIRFLOW_CTX_EXECUTION_DATE='2023-05-04T00:00:00+00:00' AIRFLOW_CTX_TRY_NUMBER='2' AIRFLOW_CTX_DAG_RUN_ID='scheduled__2023-05-04T00:00:00+00:00'
[2023-05-05T11:32:24.289+0000] {sql.py:262} INFO - Executing: 
            INSERT INTO dag_runs (dt, dag_id) VALUES ('2023-05-04', 'dag_with_postgres_operator_v02')
        
[2023-05-05T11:32:24.297+0000] {base.py:73} INFO - Using connection ID 'postgres_localhost' for task execution.
[2023-05-05T11:32:24.346+0000] {base.py:73} INFO - Using connection ID 'postgres_localhost' for task execution.
[2023-05-05T11:32:24.361+0000] {sql.py:375} INFO - Running statement: 
            INSERT INTO dag_runs (dt, dag_id) VALUES ('2023-05-04', 'dag_with_postgres_operator_v02')
        , parameters: None
[2023-05-05T11:32:24.364+0000] {sql.py:384} INFO - Rows affected: 1
[2023-05-05T11:32:24.373+0000] {taskinstance.py:1373} INFO - Marking task as SUCCESS. dag_id=dag_with_postgres_operator_v02, task_id=insert_into, execution_date=20230504T000000, start_date=20230505T113224, end_date=20230505T113224
[2023-05-05T11:32:24.400+0000] {local_task_job_runner.py:232} INFO - Task exited with return code 0
[2023-05-05T11:32:24.413+0000] {taskinstance.py:2674} INFO - 0 downstream tasks scheduled from follow-on schedule check
