[2023-05-07T00:00:04.035+0000] {taskinstance.py:1125} INFO - Dependencies all met for dep_context=non-requeueable deps ti=<TaskInstance: dag_with_postgres_operator_v03.insert_into_table scheduled__2023-05-06T00:00:00+00:00 [queued]>
[2023-05-07T00:00:04.041+0000] {taskinstance.py:1125} INFO - Dependencies all met for dep_context=requeueable deps ti=<TaskInstance: dag_with_postgres_operator_v03.insert_into_table scheduled__2023-05-06T00:00:00+00:00 [queued]>
[2023-05-07T00:00:04.042+0000] {taskinstance.py:1331} INFO - Starting attempt 1 of 6
[2023-05-07T00:00:04.050+0000] {taskinstance.py:1350} INFO - Executing <Task(PostgresOperator): insert_into_table> on 2023-05-06 00:00:00+00:00
[2023-05-07T00:00:04.055+0000] {standard_task_runner.py:57} INFO - Started process 59977 to run task
[2023-05-07T00:00:04.058+0000] {standard_task_runner.py:84} INFO - Running: ['***', 'tasks', 'run', 'dag_with_postgres_operator_v03', 'insert_into_table', 'scheduled__2023-05-06T00:00:00+00:00', '--job-id', '1153', '--raw', '--subdir', 'DAGS_FOLDER/dag_with_postgres_operator.py', '--cfg-path', '/tmp/tmpyl7mwcw0']
[2023-05-07T00:00:04.060+0000] {standard_task_runner.py:85} INFO - Job 1153: Subtask insert_into_table
[2023-05-07T00:00:04.103+0000] {task_command.py:410} INFO - Running <TaskInstance: dag_with_postgres_operator_v03.insert_into_table scheduled__2023-05-06T00:00:00+00:00 [running]> on host 39440b36e721
[2023-05-07T00:00:04.168+0000] {taskinstance.py:1570} INFO - Exporting env vars: AIRFLOW_CTX_DAG_OWNER='jose-holgado' AIRFLOW_CTX_DAG_ID='dag_with_postgres_operator_v03' AIRFLOW_CTX_TASK_ID='insert_into_table' AIRFLOW_CTX_EXECUTION_DATE='2023-05-06T00:00:00+00:00' AIRFLOW_CTX_TRY_NUMBER='1' AIRFLOW_CTX_DAG_RUN_ID='scheduled__2023-05-06T00:00:00+00:00'
[2023-05-07T00:00:04.169+0000] {sql.py:262} INFO - Executing: 
            INSERT INTO dag_runs (dt, dag_id) VALUES ('2023-05-06', 'dag_with_postgres_operator_v03')
        
[2023-05-07T00:00:04.177+0000] {base.py:73} INFO - Using connection ID 'postgres_localhost' for task execution.
[2023-05-07T00:00:04.220+0000] {base.py:73} INFO - Using connection ID 'postgres_localhost' for task execution.
[2023-05-07T00:00:04.230+0000] {sql.py:375} INFO - Running statement: 
            INSERT INTO dag_runs (dt, dag_id) VALUES ('2023-05-06', 'dag_with_postgres_operator_v03')
        , parameters: None
[2023-05-07T00:00:04.233+0000] {sql.py:384} INFO - Rows affected: 1
[2023-05-07T00:00:04.245+0000] {taskinstance.py:1373} INFO - Marking task as SUCCESS. dag_id=dag_with_postgres_operator_v03, task_id=insert_into_table, execution_date=20230506T000000, start_date=20230507T000004, end_date=20230507T000004
[2023-05-07T00:00:04.273+0000] {local_task_job_runner.py:232} INFO - Task exited with return code 0
[2023-05-07T00:00:04.289+0000] {taskinstance.py:2674} INFO - 0 downstream tasks scheduled from follow-on schedule check
